<?xml version="1.0" encoding="UTF-8"?>
<!-- Generated by org.testng.reporters.JUnitReportReporter -->
<testsuite hostname="adeshalien" failures="0" tests="1" name="testScripts.FirstTest" time="10.133" errors="0" timestamp="2023-01-31T14:11:40 IST" skipped="0">
  <testcase classname="testScripts.FirstTest" name="firstTest" time="10.133"/>
  <system-out/>
</testsuite> <!-- testScripts.FirstTest -->
