<?xml version="1.0" encoding="UTF-8"?>
<!-- Generated by org.testng.reporters.JUnitReportReporter -->
<testsuite hostname="adeshalien" failures="0" tests="1" name="testScripts.FourthTest" time="59.771" errors="0" timestamp="2023-01-31T14:11:40 IST" skipped="0">
  <testcase classname="testScripts.FourthTest" name="fourthTest" time="59.771"/>
  <system-out/>
</testsuite> <!-- testScripts.FourthTest -->
