<?xml version="1.0" encoding="UTF-8"?>
<!-- Generated by org.testng.reporters.JUnitReportReporter -->
<testsuite hostname="adeshalien" failures="0" tests="1" name="testScripts.SecondTest" time="36.568" errors="0" timestamp="2023-01-31T14:11:40 IST" skipped="0">
  <testcase classname="testScripts.SecondTest" name="secondTest" time="36.568"/>
  <system-out/>
</testsuite> <!-- testScripts.SecondTest -->
